<?xml version="1.0" encoding="UTF-8"?>
<robot generator="Robot 5.0.1 (Python 3.9.6 on darwin)" generated="20240407 11:20:13.168" rpa="false" schemaversion="3">
<suite id="s1" name="Testcases" source="/Users/nopparatsmacpro/Desktop/Minimal-Todo-master/testcases/testcases.robot">
<test id="s1-t1" name="Verify Date And Time Picker" line="87">
<kw name="Open Test Application" library="Keywords">
<kw name="Open Application" library="AppiumLibrary">
<arg>${URL}</arg>
<arg>platformName=${PLATFORM}</arg>
<arg>platformVersion=${ANDROID_PLATFORM_VERSION}</arg>
<arg>deviceName=${DEVICE_NAME}</arg>
<arg>app=${APP_LOCATION}</arg>
<arg>automationName=appium</arg>
<doc>Opens a new application to given Appium server.
Capabilities of appium server, Android and iOS,
Please check https://github.com/appium/appium/blob/master/docs/en/writing-running-appium/server-args.md
| *Option*            | *Man.* | *Description*     |
| remote_url          | Yes    | Appium server url |
| alias               | no     | alias             |</doc>
<status status="PASS" starttime="20240407 11:20:13.285" endtime="20240407 11:20:19.299"/>
</kw>
<status status="PASS" starttime="20240407 11:20:13.285" endtime="20240407 11:20:19.300"/>
</kw>
<kw name="Verify List Page Before Add The Record" library="Keywords">
<kw name="Wait Until Element Is Visible" library="AppiumLibrary">
<arg>${txt_title}</arg>
<arg>15</arg>
<doc>Waits until element specified with `locator` is visible.</doc>
<status status="PASS" starttime="20240407 11:20:19.300" endtime="20240407 11:20:19.856"/>
</kw>
<kw name="Get Text" library="AppiumLibrary">
<var>${actual_txt_detail}</var>
<arg>${txt_detail}</arg>
<doc>Get element text (for hybrid and mobile browser use `xpath` locator, others might cause problem)</doc>
<msg timestamp="20240407 11:20:19.883" level="INFO">Element 'xpath=//android.widget.LinearLayout[1]/android.widget.TextView' text is 'You don't have any todos' </msg>
<msg timestamp="20240407 11:20:19.883" level="INFO">${actual_txt_detail} = You don't have any todos</msg>
<status status="PASS" starttime="20240407 11:20:19.856" endtime="20240407 11:20:19.883"/>
</kw>
<kw name="Should Be Equal" library="BuiltIn">
<arg>${actual_txt_detail}</arg>
<arg>${expected_txt_detail_list_page}</arg>
<doc>Fails if the given objects are unequal.</doc>
<status status="PASS" starttime="20240407 11:20:19.884" endtime="20240407 11:20:19.884"/>
</kw>
<kw name="Element Should Be Visible" library="AppiumLibrary">
<arg>${btn_add}</arg>
<doc>Verifies that element identified with locator is visible.</doc>
<status status="PASS" starttime="20240407 11:20:19.884" endtime="20240407 11:20:19.898"/>
</kw>
<kw name="Element Should Be Visible" library="AppiumLibrary">
<arg>${img_image1}</arg>
<doc>Verifies that element identified with locator is visible.</doc>
<status status="PASS" starttime="20240407 11:20:19.898" endtime="20240407 11:20:19.921"/>
</kw>
<kw name="Element Should Be Visible" library="AppiumLibrary">
<arg>${btn_moreoption}</arg>
<doc>Verifies that element identified with locator is visible.</doc>
<status status="PASS" starttime="20240407 11:20:19.921" endtime="20240407 11:20:19.945"/>
</kw>
<status status="PASS" starttime="20240407 11:20:19.300" endtime="20240407 11:20:19.945"/>
</kw>
<kw name="Click Create Button" library="Keywords">
<kw name="Click Element" library="AppiumLibrary">
<arg>${btn_add}</arg>
<doc>Click element identified by `locator`.</doc>
<msg timestamp="20240407 11:20:19.951" level="INFO">Clicking element 'com.avjindersinghsekhon.minimaltodo:id/addToDoItemFAB'.</msg>
<status status="PASS" starttime="20240407 11:20:19.946" endtime="20240407 11:20:19.993"/>
</kw>
<status status="PASS" starttime="20240407 11:20:19.945" endtime="20240407 11:20:19.994"/>
</kw>
<kw name="Verify Add List Page" library="Keywords">
<kw name="Wait Until Element Is Visible" library="AppiumLibrary">
<arg>${txt_title_add_page}</arg>
<arg>15</arg>
<doc>Waits until element specified with `locator` is visible.</doc>
<status status="PASS" starttime="20240407 11:20:19.994" endtime="20240407 11:20:20.914"/>
</kw>
<status status="PASS" starttime="20240407 11:20:19.994" endtime="20240407 11:20:20.914"/>
</kw>
<kw name="Enter The Title As To_Do_No1" library="Keywords" sourcename="Enter The Title As ${text_input}">
<kw name="Input Text" library="AppiumLibrary">
<arg>${txt_box_title}</arg>
<arg>${text_input}</arg>
<doc>Types the given `text` into text field identified by `locator`.</doc>
<msg timestamp="20240407 11:20:20.919" level="INFO">Typing text 'To_Do_No1' into text field 'com.avjindersinghsekhon.minimaltodo:id/userToDoEditText'</msg>
<status status="PASS" starttime="20240407 11:20:20.915" endtime="20240407 11:20:20.967"/>
</kw>
<status status="PASS" starttime="20240407 11:20:20.914" endtime="20240407 11:20:20.967"/>
</kw>
<kw name="Click Remainder Toggle" library="Keywords">
<kw name="Click Element" library="AppiumLibrary">
<arg>${tgg_remind}</arg>
<doc>Click element identified by `locator`.</doc>
<msg timestamp="20240407 11:20:20.972" level="INFO">Clicking element 'com.avjindersinghsekhon.minimaltodo:id/toDoHasDateSwitchCompat'.</msg>
<status status="PASS" starttime="20240407 11:20:20.968" endtime="20240407 11:20:21.658"/>
</kw>
<status status="PASS" starttime="20240407 11:20:20.967" endtime="20240407 11:20:21.658"/>
</kw>
<kw name="Cancel The Date Picker" library="Keywords">
<kw name="Click Element" library="AppiumLibrary">
<arg>${txt_box_date}</arg>
<doc>Click element identified by `locator`.</doc>
<msg timestamp="20240407 11:20:21.662" level="INFO">Clicking element 'com.avjindersinghsekhon.minimaltodo:id/newTodoDateEditText'.</msg>
<status status="PASS" starttime="20240407 11:20:21.659" endtime="20240407 11:20:22.346"/>
</kw>
<kw name="Wait Until Element Is Visible" library="AppiumLibrary">
<arg>${btn_cancel_datetime_picker}</arg>
<arg>15</arg>
<doc>Waits until element specified with `locator` is visible.</doc>
<status status="PASS" starttime="20240407 11:20:22.346" endtime="20240407 11:20:24.277"/>
</kw>
<kw name="Click Element" library="AppiumLibrary">
<arg>${btn_cancel_datetime_picker}</arg>
<doc>Click element identified by `locator`.</doc>
<msg timestamp="20240407 11:20:24.282" level="INFO">Clicking element 'com.avjindersinghsekhon.minimaltodo:id/cancel'.</msg>
<status status="PASS" starttime="20240407 11:20:24.277" endtime="20240407 11:20:24.375"/>
</kw>
<status status="PASS" starttime="20240407 11:20:21.658" endtime="20240407 11:20:24.375"/>
</kw>
<kw name="Cancel The Time Picker" library="Keywords">
<kw name="Click Element" library="AppiumLibrary">
<arg>${txt_box_time}</arg>
<doc>Click element identified by `locator`.</doc>
<msg timestamp="20240407 11:20:24.377" level="INFO">Clicking element 'com.avjindersinghsekhon.minimaltodo:id/newTodoTimeEditText'.</msg>
<status status="PASS" starttime="20240407 11:20:24.376" endtime="20240407 11:20:24.959"/>
</kw>
<kw name="Wait Until Element Is Visible" library="AppiumLibrary">
<arg>${btn_cancel_datetime_picker}</arg>
<arg>15</arg>
<doc>Waits until element specified with `locator` is visible.</doc>
<status status="PASS" starttime="20240407 11:20:24.959" endtime="20240407 11:20:26.436"/>
</kw>
<kw name="Click Element" library="AppiumLibrary">
<arg>${btn_cancel_datetime_picker}</arg>
<doc>Click element identified by `locator`.</doc>
<msg timestamp="20240407 11:20:26.440" level="INFO">Clicking element 'com.avjindersinghsekhon.minimaltodo:id/cancel'.</msg>
<status status="PASS" starttime="20240407 11:20:26.436" endtime="20240407 11:20:26.516"/>
</kw>
<status status="PASS" starttime="20240407 11:20:24.375" endtime="20240407 11:20:26.516"/>
</kw>
<kw name="Verify The Adding Page After Closing The Date Time Picker" library="Keywords">
<kw name="Wait Until Element Is Visible" library="AppiumLibrary">
<arg>${txt_reminder}</arg>
<arg>15</arg>
<doc>Waits until element specified with `locator` is visible.</doc>
<status status="PASS" starttime="20240407 11:20:26.517" endtime="20240407 11:20:27.096"/>
</kw>
<kw name="Get Text" library="AppiumLibrary">
<var>${actual_txt_reminder}</var>
<arg>${txt_reminder}</arg>
<doc>Get element text (for hybrid and mobile browser use `xpath` locator, others might cause problem)</doc>
<msg timestamp="20240407 11:20:27.142" level="INFO">Element 'com.avjindersinghsekhon.minimaltodo:id/newToDoDateTimeReminderTextView' text is 'Reminder set for 7 Apr, 2024, 12:00 PM' </msg>
<msg timestamp="20240407 11:20:27.142" level="INFO">${actual_txt_reminder} = Reminder set for 7 Apr, 2024, 12:00 PM</msg>
<status status="PASS" starttime="20240407 11:20:27.096" endtime="20240407 11:20:27.142"/>
</kw>
<kw name="Should Contain" library="BuiltIn">
<arg>${actual_txt_reminder}</arg>
<arg>Reminder${SPACE}set${SPACE}for</arg>
<doc>Fails if ``container`` does not contain ``item`` one or more times.</doc>
<status status="PASS" starttime="20240407 11:20:27.142" endtime="20240407 11:20:27.143"/>
</kw>
<status status="PASS" starttime="20240407 11:20:26.517" endtime="20240407 11:20:27.143"/>
</kw>
<doc>[TC No.9] - To verify the application sorting the reccord by creted DESC correctly</doc>
<tag>Test</tag>
<status status="PASS" starttime="20240407 11:20:13.285" endtime="20240407 11:20:27.143"/>
</test>
<status status="PASS" starttime="20240407 11:20:13.169" endtime="20240407 11:20:27.144"/>
</suite>
<statistics>
<total>
<stat pass="1" fail="0" skip="0">All Tests</stat>
</total>
<tag>
<stat pass="1" fail="0" skip="0">Test</stat>
</tag>
<suite>
<stat pass="1" fail="0" skip="0" id="s1" name="Testcases">Testcases</stat>
</suite>
</statistics>
<errors>
</errors>
</robot>
